<?xml version="1.0" encoding="UTF-8"?>
<testsuite name="EncryptDecryptTest" tests="1" skipped="0" failures="0" errors="0" timestamp="2021-04-13T22:09:15" hostname="Aringoprobook" time="0.017">
  <properties/>
  <testcase name="encryptDecrypt_decipherText_String()" classname="EncryptDecryptTest" time="0.017"/>
  <system-out><![CDATA[]]></system-out>
  <system-err><![CDATA[]]></system-err>
</testsuite>
